#
# There is insufficient memory for the Java Runtime Environment to continue.
# Native memory allocation (malloc) failed to allocate 1108176 bytes for Chunk::new
# Possible reasons:
#   The system is out of physical RAM or swap space
#   The process is running with CompressedOops enabled, and the Java Heap may be blocking the growth of the native heap
# Possible solutions:
#   Reduce memory load on the system
#   Increase physical memory or swap space
#   Check if swap backing store is full
#   Decrease Java heap size (-Xmx/-Xms)
#   Decrease number of Java threads
#   Decrease Java thread stack sizes (-Xss)
#   Set larger code cache with -XX:ReservedCodeCacheSize=
#   JVM is running with Unscaled Compressed Oops mode in which the Java heap is
#     placed in the first 4GB address space. The Java Heap base address is the
#     maximum limit for the native heap growth. Please use -XX:HeapBaseMinAddress
#     to set the Java Heap base and to place the Java Heap above 4GB virtual address.
# This output file may be truncated or incomplete.
#
#  Out of Memory Error (./src/hotspot/share/memory/arena.cpp:197), pid=4084, tid=5584
#
# JRE version: OpenJDK Runtime Environment JBR-11.0.13.7-1751.21-jcef (11.0.13+7) (build 11.0.13+7-b1751.21)
# Java VM: OpenJDK 64-Bit Server VM JBR-11.0.13.7-1751.21-jcef (11.0.13+7-b1751.21, mixed mode, tiered, compressed oops, g1 gc, windows-amd64)
# No core dump will be written. Minidumps are not enabled by default on client versions of Windows
#

---------------  S U M M A R Y ------------

Command Line: -Djava.rmi.server.hostname=127.0.0.1 -Duser.timezone=UTC -Xmx750m -Xms128m -Dfile.encoding=UTF-8 com.intellij.database.remote.RemoteJdbcServer org.postgresql.Driver

Host: Intel(R) Core(TM) i5-1035G1 CPU @ 1.00GHz, 8 cores, 7G,  Windows 10 , 64 bit Build 17763 (10.0.17763.2452)
Time: Wed Mar  2 17:14:23 2022 Oaio?aeuiay Acey (ceia) elapsed time: 40.329998 seconds (0d 0h 0m 40s)

---------------  T H R E A D  ---------------

Current thread (0x0000026cd65d1800):  JavaThread "C2 CompilerThread0" daemon [_thread_in_native, id=5584, stack(0x000000bb45b00000,0x000000bb45c00000)]


Current CompileTask:
C2:  40330 2131       4       java.io.ObjectInputStream::readClassDesc (123 bytes)

Stack: [0x000000bb45b00000,0x000000bb45c00000]
Native frames: (J=compiled Java code, j=interpreted, Vv=VM code, C=native code)
V  [jvm.dll+0x613daa]
V  [jvm.dll+0x799b30]
V  [jvm.dll+0x79b14d]
V  [jvm.dll+0x79b823]
V  [jvm.dll+0x24c958]
V  [jvm.dll+0xc14dc]
V  [jvm.dll+0xc1a0c]
V  [jvm.dll+0x360bfb]
V  [jvm.dll+0x19eb47]
V  [jvm.dll+0x204e8e]
V  [jvm.dll+0x203f07]
V  [jvm.dll+0x18b2a1]
V  [jvm.dll+0x212c3b]
V  [jvm.dll+0x211491]
V  [jvm.dll+0x760b9f]
V  [jvm.dll+0x759755]
V  [jvm.dll+0x612a16]
C  [ucrtbase.dll+0x2268a]
C  [KERNEL32.DLL+0x17974]
C  [ntdll.dll+0x5a2f1]


---------------  P R O C E S S  ---------------

Threads class SMR info:
_java_thread_list=0x0000026cd75707a0, length=19, elements={
0x0000026cbeffd000, 0x0000026cd65ae000, 0x0000026cd65ae800, 0x0000026cd65c8000,
0x0000026cd65cb800, 0x0000026cd65cc800, 0x0000026cd65d1800, 0x0000026cd65d4000,
0x0000026cd65e0800, 0x0000026cd7093000, 0x0000026cd73be000, 0x0000026cd73e2000,
0x0000026cd7427800, 0x0000026cd7428000, 0x0000026cd7ae9800, 0x0000026cd7855800,
0x0000026cd8779000, 0x0000026cd7517800, 0x0000026cd86c5800
}

Java Threads: ( => current thread )
  0x0000026cbeffd000 JavaThread "main" [_thread_blocked, id=8204, stack(0x000000bb44f00000,0x000000bb45000000)]
  0x0000026cd65ae000 JavaThread "Reference Handler" daemon [_thread_blocked, id=10188, stack(0x000000bb45600000,0x000000bb45700000)]
  0x0000026cd65ae800 JavaThread "Finalizer" daemon [_thread_blocked, id=9472, stack(0x000000bb45700000,0x000000bb45800000)]
  0x0000026cd65c8000 JavaThread "Signal Dispatcher" daemon [_thread_blocked, id=1836, stack(0x000000bb45800000,0x000000bb45900000)]
  0x0000026cd65cb800 JavaThread "Attach Listener" daemon [_thread_blocked, id=3360, stack(0x000000bb45900000,0x000000bb45a00000)]
  0x0000026cd65cc800 JavaThread "Service Thread" daemon [_thread_blocked, id=1100, stack(0x000000bb45a00000,0x000000bb45b00000)]
=>0x0000026cd65d1800 JavaThread "C2 CompilerThread0" daemon [_thread_in_native, id=5584, stack(0x000000bb45b00000,0x000000bb45c00000)]
  0x0000026cd65d4000 JavaThread "C1 CompilerThread0" daemon [_thread_blocked, id=8644, stack(0x000000bb45c00000,0x000000bb45d00000)]
  0x0000026cd65e0800 JavaThread "Sweeper thread" daemon [_thread_blocked, id=6520, stack(0x000000bb45d00000,0x000000bb45e00000)]
  0x0000026cd7093000 JavaThread "Common-Cleaner" daemon [_thread_blocked, id=6604, stack(0x000000bb45f00000,0x000000bb46000000)]
  0x0000026cd73be000 JavaThread "RMI TCP Accept-16756" daemon [_thread_in_native, id=4652, stack(0x000000bb46000000,0x000000bb46100000)]
  0x0000026cd73e2000 JavaThread "RMI TCP Accept-0" daemon [_thread_in_native, id=2744, stack(0x000000bb46100000,0x000000bb46200000)]
  0x0000026cd7427800 JavaThread "RMI Reaper" [_thread_blocked, id=8148, stack(0x000000bb46200000,0x000000bb46300000)]
  0x0000026cd7428000 JavaThread "RMI GC Daemon" daemon [_thread_blocked, id=2560, stack(0x000000bb46300000,0x000000bb46400000)]
  0x0000026cd7ae9800 JavaThread "RMI TCP Connection(1)-127.0.0.1" daemon [_thread_in_native, id=7652, stack(0x000000bb46600000,0x000000bb46700000)]
  0x0000026cd7855800 JavaThread "RMI Scheduler(0)" daemon [_thread_blocked, id=9548, stack(0x000000bb46700000,0x000000bb46800000)]
  0x0000026cd8779000 JavaThread "RMI TCP Connection(2)-127.0.0.1" daemon [_thread_in_native, id=9692, stack(0x000000bb46800000,0x000000bb46900000)]
  0x0000026cd7517800 JavaThread "RMI TCP Connection(3)-127.0.0.1" daemon [_thread_in_native, id=9612, stack(0x000000bb46b00000,0x000000bb46c00000)]
  0x0000026cd86c5800 JavaThread "C2 CompilerThread1" daemon [_thread_in_native, id=8020, stack(0x000000bb46c00000,0x000000bb46d00000)]

Other Threads:
  0x0000026cd658a000 VMThread "VM Thread" [stack: 0x000000bb45500000,0x000000bb45600000] [id=9764]
  0x0000026cd708c000 WatcherThread [stack: 0x000000bb45e00000,0x000000bb45f00000] [id=3924]
  0x0000026cbf013800 GCTaskThread "GC Thread#0" [stack: 0x000000bb45000000,0x000000bb45100000] [id=10088]
  0x0000026cd78a8800 GCTaskThread "GC Thread#1" [stack: 0x000000bb46400000,0x000000bb46500000] [id=2740]
  0x0000026cd782c000 GCTaskThread "GC Thread#2" [stack: 0x000000bb46f00000,0x000000bb47000000] [id=3172]
  0x0000026cd782d000 GCTaskThread "GC Thread#3" [stack: 0x000000bb47000000,0x000000bb47100000] [id=2428]
  0x0000026cd755c800 GCTaskThread "GC Thread#4" [stack: 0x000000bb47100000,0x000000bb47200000] [id=5500]
  0x0000026cd755d800 GCTaskThread "GC Thread#5" [stack: 0x000000bb47200000,0x000000bb47300000] [id=2272]
  0x0000026cd755e000 GCTaskThread "GC Thread#6" [stack: 0x000000bb47300000,0x000000bb47400000] [id=3424]
  0x0000026cd755f000 GCTaskThread "GC Thread#7" [stack: 0x000000bb47400000,0x000000bb47500000] [id=8040]
  0x0000026cbf02c800 ConcurrentGCThread "G1 Main Marker" [stack: 0x000000bb45100000,0x000000bb45200000] [id=4632]
  0x0000026cbf02f000 ConcurrentGCThread "G1 Conc#0" [stack: 0x000000bb45200000,0x000000bb45300000] [id=7816]
  0x0000026cd6400800 ConcurrentGCThread "G1 Refine#0" [stack: 0x000000bb45300000,0x000000bb45400000] [id=9664]
  0x0000026cd714b800 ConcurrentGCThread "G1 Refine#1" [stack: 0x000000bb47500000,0x000000bb47600000] [id=5700]
  0x0000026cd6401000 ConcurrentGCThread "G1 Young RemSet Sampling" [stack: 0x000000bb45400000,0x000000bb45500000] [id=5860]

Threads with active compile tasks:
C2 CompilerThread0  40347 2131       4       java.io.ObjectInputStream::readClassDesc (123 bytes)
C2 CompilerThread1  40347 2070   !   4       java.io.ObjectInputStream::readObject0 (671 bytes)

VM state:not at safepoint (normal execution)

VM Mutex/Monitor currently owned by a thread: None

Heap address: 0x00000000d1200000, size: 750 MB, Compressed Oops mode: 32-bit
Narrow klass base: 0x0000000000000000, Narrow klass shift: 3
Compressed class space size: 1073741824 Address: 0x0000000100000000

Heap:
 garbage-first heap   total 131072K, used 39160K [0x00000000d1200000, 0x0000000100000000)
  region size 1024K, 38 young (38912K), 3 survivors (3072K)
 Metaspace       used 16921K, capacity 17556K, committed 17792K, reserved 1064960K
  class space    used 1659K, capacity 1909K, committed 1920K, reserved 1048576K
Heap Regions: E=young(eden), S=young(survivor), O=old, HS=humongous(starts), HC=humongous(continues), CS=collection set, F=free, A=archive, TAMS=top-at-mark-start (previous, next)
|   0|0x00000000d1200000, 0x00000000d1300000, 0x00000000d1300000|100%| O|  |TAMS 0x00000000d1200000, 0x00000000d1200000| Untracked 
|   1|0x00000000d1300000, 0x00000000d133e200, 0x00000000d1400000| 24%| O|  |TAMS 0x00000000d1300000, 0x00000000d1300000| Untracked 
|   2|0x00000000d1400000, 0x00000000d1400000, 0x00000000d1500000|  0%| F|  |TAMS 0x00000000d1400000, 0x00000000d1400000| Untracked 
|   3|0x00000000d1500000, 0x00000000d1500000, 0x00000000d1600000|  0%| F|  |TAMS 0x00000000d1500000, 0x00000000d1500000| Untracked 
|   4|0x00000000d1600000, 0x00000000d1600000, 0x00000000d1700000|  0%| F|  |TAMS 0x00000000d1600000, 0x00000000d1600000| Untracked 
|   5|0x00000000d1700000, 0x00000000d1700000, 0x00000000d1800000|  0%| F|  |TAMS 0x00000000d1700000, 0x00000000d1700000| Untracked 
|   6|0x00000000d1800000, 0x00000000d1800000, 0x00000000d1900000|  0%| F|  |TAMS 0x00000000d1800000, 0x00000000d1800000| Untracked 
|   7|0x00000000d1900000, 0x00000000d1900000, 0x00000000d1a00000|  0%| F|  |TAMS 0x00000000d1900000, 0x00000000d1900000| Untracked 
|   8|0x00000000d1a00000, 0x00000000d1a00000, 0x00000000d1b00000|  0%| F|  |TAMS 0x00000000d1a00000, 0x00000000d1a00000| Untracked 
|   9|0x00000000d1b00000, 0x00000000d1b00000, 0x00000000d1c00000|  0%| F|  |TAMS 0x00000000d1b00000, 0x00000000d1b00000| Untracked 
|  10|0x00000000d1c00000, 0x00000000d1c00000, 0x00000000d1d00000|  0%| F|  |TAMS 0x00000000d1c00000, 0x00000000d1c00000| Untracked 
|  11|0x00000000d1d00000, 0x00000000d1d00000, 0x00000000d1e00000|  0%| F|  |TAMS 0x00000000d1d00000, 0x00000000d1d00000| Untracked 
|  12|0x00000000d1e00000, 0x00000000d1e00000, 0x00000000d1f00000|  0%| F|  |TAMS 0x00000000d1e00000, 0x00000000d1e00000| Untracked 
|  13|0x00000000d1f00000, 0x00000000d1f00000, 0x00000000d2000000|  0%| F|  |TAMS 0x00000000d1f00000, 0x00000000d1f00000| Untracked 
|  14|0x00000000d2000000, 0x00000000d2000000, 0x00000000d2100000|  0%| F|  |TAMS 0x00000000d2000000, 0x00000000d2000000| Untracked 
|  15|0x00000000d2100000, 0x00000000d2100000, 0x00000000d2200000|  0%| F|  |TAMS 0x00000000d2100000, 0x00000000d2100000| Untracked 
|  16|0x00000000d2200000, 0x00000000d2200000, 0x00000000d2300000|  0%| F|  |TAMS 0x00000000d2200000, 0x00000000d2200000| Untracked 
|  17|0x00000000d2300000, 0x00000000d2300000, 0x00000000d2400000|  0%| F|  |TAMS 0x00000000d2300000, 0x00000000d2300000| Untracked 
|  18|0x00000000d2400000, 0x00000000d2400000, 0x00000000d2500000|  0%| F|  |TAMS 0x00000000d2400000, 0x00000000d2400000| Untracked 
|  19|0x00000000d2500000, 0x00000000d2500000, 0x00000000d2600000|  0%| F|  |TAMS 0x00000000d2500000, 0x00000000d2500000| Untracked 
|  20|0x00000000d2600000, 0x00000000d2600000, 0x00000000d2700000|  0%| F|  |TAMS 0x00000000d2600000, 0x00000000d2600000| Untracked 
|  21|0x00000000d2700000, 0x00000000d2700000, 0x00000000d2800000|  0%| F|  |TAMS 0x00000000d2700000, 0x00000000d2700000| Untracked 
|  22|0x00000000d2800000, 0x00000000d2800000, 0x00000000d2900000|  0%| F|  |TAMS 0x00000000d2800000, 0x00000000d2800000| Untracked 
|  23|0x00000000d2900000, 0x00000000d2900000, 0x00000000d2a00000|  0%| F|  |TAMS 0x00000000d2900000, 0x00000000d2900000| Untracked 
|  24|0x00000000d2a00000, 0x00000000d2a00000, 0x00000000d2b00000|  0%| F|  |TAMS 0x00000000d2a00000, 0x00000000d2a00000| Untracked 
|  25|0x00000000d2b00000, 0x00000000d2b00000, 0x00000000d2c00000|  0%| F|  |TAMS 0x00000000d2b00000, 0x00000000d2b00000| Untracked 
|  26|0x00000000d2c00000, 0x00000000d2c00000, 0x00000000d2d00000|  0%| F|  |TAMS 0x00000000d2c00000, 0x00000000d2c00000| Untracked 
|  27|0x00000000d2d00000, 0x00000000d2d00000, 0x00000000d2e00000|  0%| F|  |TAMS 0x00000000d2d00000, 0x00000000d2d00000| Untracked 
|  28|0x00000000d2e00000, 0x00000000d2e00000, 0x00000000d2f00000|  0%| F|  |TAMS 0x00000000d2e00000, 0x00000000d2e00000| Untracked 
|  29|0x00000000d2f00000, 0x00000000d2f00000, 0x00000000d3000000|  0%| F|  |TAMS 0x00000000d2f00000, 0x00000000d2f00000| Untracked 
|  30|0x00000000d3000000, 0x00000000d3000000, 0x00000000d3100000|  0%| F|  |TAMS 0x00000000d3000000, 0x00000000d3000000| Untracked 
|  31|0x00000000d3100000, 0x00000000d3100000, 0x00000000d3200000|  0%| F|  |TAMS 0x00000000d3100000, 0x00000000d3100000| Untracked 
|  32|0x00000000d3200000, 0x00000000d3200000, 0x00000000d3300000|  0%| F|  |TAMS 0x00000000d3200000, 0x00000000d3200000| Untracked 
|  33|0x00000000d3300000, 0x00000000d3300000, 0x00000000d3400000|  0%| F|  |TAMS 0x00000000d3300000, 0x00000000d3300000| Untracked 
|  34|0x00000000d3400000, 0x00000000d3400000, 0x00000000d3500000|  0%| F|  |TAMS 0x00000000d3400000, 0x00000000d3400000| Untracked 
|  35|0x00000000d3500000, 0x00000000d3500000, 0x00000000d3600000|  0%| F|  |TAMS 0x00000000d3500000, 0x00000000d3500000| Untracked 
|  36|0x00000000d3600000, 0x00000000d3600000, 0x00000000d3700000|  0%| F|  |TAMS 0x00000000d3600000, 0x00000000d3600000| Untracked 
|  37|0x00000000d3700000, 0x00000000d3700000, 0x00000000d3800000|  0%| F|  |TAMS 0x00000000d3700000, 0x00000000d3700000| Untracked 
|  38|0x00000000d3800000, 0x00000000d3800000, 0x00000000d3900000|  0%| F|  |TAMS 0x00000000d3800000, 0x00000000d3800000| Untracked 
|  39|0x00000000d3900000, 0x00000000d3900000, 0x00000000d3a00000|  0%| F|  |TAMS 0x00000000d3900000, 0x00000000d3900000| Untracked 
|  40|0x00000000d3a00000, 0x00000000d3a00000, 0x00000000d3b00000|  0%| F|  |TAMS 0x00000000d3a00000, 0x00000000d3a00000| Untracked 
|  41|0x00000000d3b00000, 0x00000000d3b00000, 0x00000000d3c00000|  0%| F|  |TAMS 0x00000000d3b00000, 0x00000000d3b00000| Untracked 
|  42|0x00000000d3c00000, 0x00000000d3c00000, 0x00000000d3d00000|  0%| F|  |TAMS 0x00000000d3c00000, 0x00000000d3c00000| Untracked 
|  43|0x00000000d3d00000, 0x00000000d3d00000, 0x00000000d3e00000|  0%| F|  |TAMS 0x00000000d3d00000, 0x00000000d3d00000| Untracked 
|  44|0x00000000d3e00000, 0x00000000d3e00000, 0x00000000d3f00000|  0%| F|  |TAMS 0x00000000d3e00000, 0x00000000d3e00000| Untracked 
|  45|0x00000000d3f00000, 0x00000000d3f00000, 0x00000000d4000000|  0%| F|  |TAMS 0x00000000d3f00000, 0x00000000d3f00000| Untracked 
|  46|0x00000000d4000000, 0x00000000d4000000, 0x00000000d4100000|  0%| F|  |TAMS 0x00000000d4000000, 0x00000000d4000000| Untracked 
|  47|0x00000000d4100000, 0x00000000d4100000, 0x00000000d4200000|  0%| F|  |TAMS 0x00000000d4100000, 0x00000000d4100000| Untracked 
|  48|0x00000000d4200000, 0x00000000d4200000, 0x00000000d4300000|  0%| F|  |TAMS 0x00000000d4200000, 0x00000000d4200000| Untracked 
|  49|0x00000000d4300000, 0x00000000d4300000, 0x00000000d4400000|  0%| F|  |TAMS 0x00000000d4300000, 0x00000000d4300000| Untracked 
|  50|0x00000000d4400000, 0x00000000d4400000, 0x00000000d4500000|  0%| F|  |TAMS 0x00000000d4400000, 0x00000000d4400000| Untracked 
|  51|0x00000000d4500000, 0x00000000d4500000, 0x00000000d4600000|  0%| F|  |TAMS 0x00000000d4500000, 0x00000000d4500000| Untracked 
|  52|0x00000000d4600000, 0x00000000d4600000, 0x00000000d4700000|  0%| F|  |TAMS 0x00000000d4600000, 0x00000000d4600000| Untracked 
|  53|0x00000000d4700000, 0x00000000d4700000, 0x00000000d4800000|  0%| F|  |TAMS 0x00000000d4700000, 0x00000000d4700000| Untracked 
|  54|0x00000000d4800000, 0x00000000d4800000, 0x00000000d4900000|  0%| F|  |TAMS 0x00000000d4800000, 0x00000000d4800000| Untracked 
|  55|0x00000000d4900000, 0x00000000d4900000, 0x00000000d4a00000|  0%| F|  |TAMS 0x00000000d4900000, 0x00000000d4900000| Untracked 
|  56|0x00000000d4a00000, 0x00000000d4a00000, 0x00000000d4b00000|  0%| F|  |TAMS 0x00000000d4a00000, 0x00000000d4a00000| Untracked 
|  57|0x00000000d4b00000, 0x00000000d4b00000, 0x00000000d4c00000|  0%| F|  |TAMS 0x00000000d4b00000, 0x00000000d4b00000| Untracked 
|  58|0x00000000d4c00000, 0x00000000d4c00000, 0x00000000d4d00000|  0%| F|  |TAMS 0x00000000d4c00000, 0x00000000d4c00000| Untracked 
|  59|0x00000000d4d00000, 0x00000000d4d00000, 0x00000000d4e00000|  0%| F|  |TAMS 0x00000000d4d00000, 0x00000000d4d00000| Untracked 
|  60|0x00000000d4e00000, 0x00000000d4e00000, 0x00000000d4f00000|  0%| F|  |TAMS 0x00000000d4e00000, 0x00000000d4e00000| Untracked 
|  61|0x00000000d4f00000, 0x00000000d4f00000, 0x00000000d5000000|  0%| F|  |TAMS 0x00000000d4f00000, 0x00000000d4f00000| Untracked 
|  62|0x00000000d5000000, 0x00000000d5000000, 0x00000000d5100000|  0%| F|  |TAMS 0x00000000d5000000, 0x00000000d5000000| Untracked 
|  63|0x00000000d5100000, 0x00000000d5100000, 0x00000000d5200000|  0%| F|  |TAMS 0x00000000d5100000, 0x00000000d5100000| Untracked 
|  64|0x00000000d5200000, 0x00000000d5200000, 0x00000000d5300000|  0%| F|  |TAMS 0x00000000d5200000, 0x00000000d5200000| Untracked 
|  65|0x00000000d5300000, 0x00000000d5300000, 0x00000000d5400000|  0%| F|  |TAMS 0x00000000d5300000, 0x00000000d5300000| Untracked 
|  66|0x00000000d5400000, 0x00000000d5400000, 0x00000000d5500000|  0%| F|  |TAMS 0x00000000d5400000, 0x00000000d5400000| Untracked 
|  67|0x00000000d5500000, 0x00000000d5500000, 0x00000000d5600000|  0%| F|  |TAMS 0x00000000d5500000, 0x00000000d5500000| Untracked 
|  68|0x00000000d5600000, 0x00000000d5600000, 0x00000000d5700000|  0%| F|  |TAMS 0x00000000d5600000, 0x00000000d5600000| Untracked 
|  69|0x00000000d5700000, 0x00000000d5700000, 0x00000000d5800000|  0%| F|  |TAMS 0x00000000d5700000, 0x00000000d5700000| Untracked 
|  70|0x00000000d5800000, 0x00000000d5800000, 0x00000000d5900000|  0%| F|  |TAMS 0x00000000d5800000, 0x00000000d5800000| Untracked 
|  71|0x00000000d5900000, 0x00000000d5900000, 0x00000000d5a00000|  0%| F|  |TAMS 0x00000000d5900000, 0x00000000d5900000| Untracked 
|  72|0x00000000d5a00000, 0x00000000d5a00000, 0x00000000d5b00000|  0%| F|  |TAMS 0x00000000d5a00000, 0x00000000d5a00000| Untracked 
|  73|0x00000000d5b00000, 0x00000000d5b00000, 0x00000000d5c00000|  0%| F|  |TAMS 0x00000000d5b00000, 0x00000000d5b00000| Untracked 
|  74|0x00000000d5c00000, 0x00000000d5c00000, 0x00000000d5d00000|  0%| F|  |TAMS 0x00000000d5c00000, 0x00000000d5c00000| Untracked 
|  75|0x00000000d5d00000, 0x00000000d5d00000, 0x00000000d5e00000|  0%| F|  |TAMS 0x00000000d5d00000, 0x00000000d5d00000| Untracked 
|  76|0x00000000d5e00000, 0x00000000d5e00000, 0x00000000d5f00000|  0%| F|  |TAMS 0x00000000d5e00000, 0x00000000d5e00000| Untracked 
|  77|0x00000000d5f00000, 0x00000000d5f00000, 0x00000000d6000000|  0%| F|  |TAMS 0x00000000d5f00000, 0x00000000d5f00000| Untracked 
|  78|0x00000000d6000000, 0x00000000d6000000, 0x00000000d6100000|  0%| F|  |TAMS 0x00000000d6000000, 0x00000000d6000000| Untracked 
|  79|0x00000000d6100000, 0x00000000d6100000, 0x00000000d6200000|  0%| F|  |TAMS 0x00000000d6100000, 0x00000000d6100000| Untracked 
|  80|0x00000000d6200000, 0x00000000d6200000, 0x00000000d6300000|  0%| F|  |TAMS 0x00000000d6200000, 0x00000000d6200000| Untracked 
|  81|0x00000000d6300000, 0x00000000d6300000, 0x00000000d6400000|  0%| F|  |TAMS 0x00000000d6300000, 0x00000000d6300000| Untracked 
|  82|0x00000000d6400000, 0x00000000d6400000, 0x00000000d6500000|  0%| F|  |TAMS 0x00000000d6400000, 0x00000000d6400000| Untracked 
|  83|0x00000000d6500000, 0x00000000d6500000, 0x00000000d6600000|  0%| F|  |TAMS 0x00000000d6500000, 0x00000000d6500000| Untracked 
|  84|0x00000000d6600000, 0x00000000d6600000, 0x00000000d6700000|  0%| F|  |TAMS 0x00000000d6600000, 0x00000000d6600000| Untracked 
|  85|0x00000000d6700000, 0x00000000d6700000, 0x00000000d6800000|  0%| F|  |TAMS 0x00000000d6700000, 0x00000000d6700000| Untracked 
|  86|0x00000000d6800000, 0x00000000d6800000, 0x00000000d6900000|  0%| F|  |TAMS 0x00000000d6800000, 0x00000000d6800000| Untracked 
|  87|0x00000000d6900000, 0x00000000d6900000, 0x00000000d6a00000|  0%| F|  |TAMS 0x00000000d6900000, 0x00000000d6900000| Untracked 
|  88|0x00000000d6a00000, 0x00000000d6a00000, 0x00000000d6b00000|  0%| F|  |TAMS 0x00000000d6a00000, 0x00000000d6a00000| Untracked 
|  89|0x00000000d6b00000, 0x00000000d6b00000, 0x00000000d6c00000|  0%| F|  |TAMS 0x00000000d6b00000, 0x00000000d6b00000| Untracked 
|  90|0x00000000d6c00000, 0x00000000d6c35ea0, 0x00000000d6d00000| 21%| E|  |TAMS 0x00000000d6c00000, 0x00000000d6c00000| Complete 
|  91|0x00000000d6d00000, 0x00000000d6e00000, 0x00000000d6e00000|100%| E|CS|TAMS 0x00000000d6d00000, 0x00000000d6d00000| Complete 
|  92|0x00000000d6e00000, 0x00000000d6f00000, 0x00000000d6f00000|100%| E|CS|TAMS 0x00000000d6e00000, 0x00000000d6e00000| Complete 
|  93|0x00000000d6f00000, 0x00000000d7000000, 0x00000000d7000000|100%| E|CS|TAMS 0x00000000d6f00000, 0x00000000d6f00000| Complete 
|  94|0x00000000d7000000, 0x00000000d7100000, 0x00000000d7100000|100%| E|CS|TAMS 0x00000000d7000000, 0x00000000d7000000| Complete 
|  95|0x00000000d7100000, 0x00000000d7200000, 0x00000000d7200000|100%| E|CS|TAMS 0x00000000d7100000, 0x00000000d7100000| Complete 
|  96|0x00000000d7200000, 0x00000000d7300000, 0x00000000d7300000|100%| E|CS|TAMS 0x00000000d7200000, 0x00000000d7200000| Complete 
|  97|0x00000000d7300000, 0x00000000d7400000, 0x00000000d7400000|100%| E|CS|TAMS 0x00000000d7300000, 0x00000000d7300000| Complete 
|  98|0x00000000d7400000, 0x00000000d7500000, 0x00000000d7500000|100%| E|CS|TAMS 0x00000000d7400000, 0x00000000d7400000| Complete 
|  99|0x00000000d7500000, 0x00000000d7600000, 0x00000000d7600000|100%| E|CS|TAMS 0x00000000d7500000, 0x00000000d7500000| Complete 
| 100|0x00000000d7600000, 0x00000000d7700000, 0x00000000d7700000|100%| E|CS|TAMS 0x00000000d7600000, 0x00000000d7600000| Complete 
| 101|0x00000000d7700000, 0x00000000d7800000, 0x00000000d7800000|100%| S|CS|TAMS 0x00000000d7700000, 0x00000000d7700000| Complete 
| 102|0x00000000d7800000, 0x00000000d7900000, 0x00000000d7900000|100%| S|CS|TAMS 0x00000000d7800000, 0x00000000d7800000| Complete 
| 103|0x00000000d7900000, 0x00000000d7a00000, 0x00000000d7a00000|100%| S|CS|TAMS 0x00000000d7900000, 0x00000000d7900000| Complete 
| 104|0x00000000d7a00000, 0x00000000d7b00000, 0x00000000d7b00000|100%| E|CS|TAMS 0x00000000d7a00000, 0x00000000d7a00000| Complete 
| 105|0x00000000d7b00000, 0x00000000d7c00000, 0x00000000d7c00000|100%| E|CS|TAMS 0x00000000d7b00000, 0x00000000d7b00000| Complete 
| 106|0x00000000d7c00000, 0x00000000d7d00000, 0x00000000d7d00000|100%| E|CS|TAMS 0x00000000d7c00000, 0x00000000d7c00000| Complete 
| 107|0x00000000d7d00000, 0x00000000d7e00000, 0x00000000d7e00000|100%| E|CS|TAMS 0x00000000d7d00000, 0x00000000d7d00000| Complete 
| 108|0x00000000d7e00000, 0x00000000d7f00000, 0x00000000d7f00000|100%| E|CS|TAMS 0x00000000d7e00000, 0x00000000d7e00000| Complete 
| 109|0x00000000d7f00000, 0x00000000d8000000, 0x00000000d8000000|100%| E|CS|TAMS 0x00000000d7f00000, 0x00000000d7f00000| Complete 
| 110|0x00000000d8000000, 0x00000000d8100000, 0x00000000d8100000|100%| E|CS|TAMS 0x00000000d8000000, 0x00000000d8000000| Complete 
| 111|0x00000000d8100000, 0x00000000d8200000, 0x00000000d8200000|100%| E|CS|TAMS 0x00000000d8100000, 0x00000000d8100000| Complete 
| 112|0x00000000d8200000, 0x00000000d8300000, 0x00000000d8300000|100%| E|CS|TAMS 0x00000000d8200000, 0x00000000d8200000| Complete 
| 113|0x00000000d8300000, 0x00000000d8400000, 0x00000000d8400000|100%| E|CS|TAMS 0x00000000d8300000, 0x00000000d8300000| Complete 
| 114|0x00000000d8400000, 0x00000000d8500000, 0x00000000d8500000|100%| E|CS|TAMS 0x00000000d8400000, 0x00000000d8400000| Complete 
| 115|0x00000000d8500000, 0x00000000d8600000, 0x00000000d8600000|100%| E|CS|TAMS 0x00000000d8500000, 0x00000000d8500000| Complete 
| 116|0x00000000d8600000, 0x00000000d8700000, 0x00000000d8700000|100%| E|CS|TAMS 0x00000000d8600000, 0x00000000d8600000| Complete 
| 117|0x00000000d8700000, 0x00000000d8800000, 0x00000000d8800000|100%| E|CS|TAMS 0x00000000d8700000, 0x00000000d8700000| Complete 
| 118|0x00000000d8800000, 0x00000000d8900000, 0x00000000d8900000|100%| E|CS|TAMS 0x00000000d8800000, 0x00000000d8800000| Complete 
| 119|0x00000000d8900000, 0x00000000d8a00000, 0x00000000d8a00000|100%| E|CS|TAMS 0x00000000d8900000, 0x00000000d8900000| Complete 
| 120|0x00000000d8a00000, 0x00000000d8b00000, 0x00000000d8b00000|100%| E|CS|TAMS 0x00000000d8a00000, 0x00000000d8a00000| Complete 
| 121|0x00000000d8b00000, 0x00000000d8c00000, 0x00000000d8c00000|100%| E|CS|TAMS 0x00000000d8b00000, 0x00000000d8b00000| Complete 
| 122|0x00000000d8c00000, 0x00000000d8d00000, 0x00000000d8d00000|100%| E|CS|TAMS 0x00000000d8c00000, 0x00000000d8c00000| Complete 
| 123|0x00000000d8d00000, 0x00000000d8e00000, 0x00000000d8e00000|100%| E|CS|TAMS 0x00000000d8d00000, 0x00000000d8d00000| Complete 
| 124|0x00000000d8e00000, 0x00000000d8f00000, 0x00000000d8f00000|100%| E|CS|TAMS 0x00000000d8e00000, 0x00000000d8e00000| Complete 
| 125|0x00000000d8f00000, 0x00000000d9000000, 0x00000000d9000000|100%| E|CS|TAMS 0x00000000d8f00000, 0x00000000d8f00000| Complete 
| 126|0x00000000d9000000, 0x00000000d9100000, 0x00000000d9100000|100%| E|CS|TAMS 0x00000000d9000000, 0x00000000d9000000| Complete 
| 127|0x00000000d9100000, 0x00000000d9200000, 0x00000000d9200000|100%| E|CS|TAMS 0x00000000d9100000, 0x00000000d9100000| Complete 

Card table byte_map: [0x0000026cd20f0000,0x0000026cd2270000] _byte_map_base: 0x0000026cd1a67000

Marking Bits (Prev, Next): (CMBitMap*) 0x0000026cbf028b78, (CMBitMap*) 0x0000026cbf028bb0
 Prev Bits: [0x0000026cd23f0000, 0x0000026cd2fa8000)
 Next Bits: [0x0000026cd2fb0000, 0x0000026cd3b68000)

Polling page: 0x0000026cbcde0000

Metaspace:

Usage:
  Non-class:     15.28 MB capacity,    14.90 MB ( 98%) used,   326.17 KB (  2%) free+waste,    58.81 KB ( <1%) overhead. 
      Class:      1.86 MB capacity,     1.62 MB ( 87%) used,   220.79 KB ( 12%) free+waste,    28.75 KB (  2%) overhead. 
       Both:     17.14 MB capacity,    16.52 MB ( 96%) used,   546.96 KB (  3%) free+waste,    87.56 KB ( <1%) overhead. 

Virtual space:
  Non-class space:       16.00 MB reserved,      15.50 MB ( 97%) committed 
      Class space:        1.00 GB reserved,       1.88 MB ( <1%) committed 
             Both:        1.02 GB reserved,      17.38 MB (  2%) committed 

Chunk freelists:
   Non-Class:  33.00 KB
       Class:  0 bytes
        Both:  33.00 KB

MaxMetaspaceSize: 17179869184.00 GB
CompressedClassSpaceSize: 1.00 GB
Initial GC threshold: 20.80 MB
Current GC threshold: 20.80 MB
CDS: off

CodeHeap 'non-profiled nmethods': size=120000Kb used=974Kb max_used=974Kb free=119025Kb
 bounds [0x0000026cca710000, 0x0000026cca980000, 0x0000026cd1c40000]
CodeHeap 'profiled nmethods': size=120000Kb used=4535Kb max_used=4535Kb free=115464Kb
 bounds [0x0000026cc31e0000, 0x0000026cc3650000, 0x0000026cca710000]
CodeHeap 'non-nmethods': size=5760Kb used=1217Kb max_used=1266Kb free=4542Kb
 bounds [0x0000026cc2c40000, 0x0000026cc2eb0000, 0x0000026cc31e0000]
 total_blobs=2627 nmethods=2147 adapters=393
 compilation: enabled
              stopped_count=0, restarted_count=0
 full_count=0

Compilation events (20 events):
Event: 39.835 Thread 0x0000026cd65d4000 2140   !   3       org.postgresql.core.v3.QueryExecutorImpl::processResults (2117 bytes)
Event: 39.863 Thread 0x0000026cd65d4000 nmethod 2140 0x0000026cc3635810 code [0x0000026cc3636c00, 0x0000026cc3644768]
Event: 39.867 Thread 0x0000026cd65d4000 2141       1       jdk.internal.reflect.NativeConstructorAccessorImpl::setParent (6 bytes)
Event: 39.867 Thread 0x0000026cd65d4000 nmethod 2141 0x0000026cca802a90 code [0x0000026cca802c40, 0x0000026cca802d38]
Event: 39.969 Thread 0x0000026cd65d4000 2143       3       org.postgresql.core.v3.QueryExecutorImpl::processDeadParsedQueries (40 bytes)
Event: 39.970 Thread 0x0000026cd65d4000 nmethod 2143 0x0000026cc3649490 code [0x0000026cc36496e0, 0x0000026cc364a088]
Event: 39.976 Thread 0x0000026cd65d4000 2144       3       jdk.internal.reflect.NativeConstructorAccessorImpl::newInstance (89 bytes)
Event: 39.977 Thread 0x0000026cd65d4000 nmethod 2144 0x0000026cc364a410 code [0x0000026cc364a6c0, 0x0000026cc364b538]
Event: 39.995 Thread 0x0000026cd65d4000 2148       1       org.postgresql.core.CachedQuery::getExecuteCount (5 bytes)
Event: 39.995 Thread 0x0000026cd65d4000 nmethod 2148 0x0000026cca803290 code [0x0000026cca803440, 0x0000026cca8034f8]
Event: 39.995 Thread 0x0000026cd65d4000 2149       3       org.postgresql.jdbc.PgStatement::cleanupTimer (60 bytes)
Event: 39.996 Thread 0x0000026cd65d4000 nmethod 2149 0x0000026cc364ba10 code [0x0000026cc364bc60, 0x0000026cc364c558]
Event: 39.997 Thread 0x0000026cd65d4000 2150       3       java.util.concurrent.atomic.AtomicReferenceFieldUpdater$AtomicReferenceFieldUpdaterImpl::get (17 bytes)
Event: 39.997 Thread 0x0000026cd65d4000 nmethod 2150 0x0000026cc364c790 code [0x0000026cc364c960, 0x0000026cc364cbe8]
Event: 39.997 Thread 0x0000026cd65d4000 2151       3       java.util.concurrent.atomic.AtomicReferenceFieldUpdater$AtomicReferenceFieldUpdaterImpl::valueCheck (19 bytes)
Event: 39.997 Thread 0x0000026cd65d4000 nmethod 2151 0x0000026cc364cd10 code [0x0000026cc364cee0, 0x0000026cc364d188]
Event: 39.997 Thread 0x0000026cd65d4000 2153       3       java.io.ObjectInputStream::setObjectInputFilter (73 bytes)
Event: 39.998 Thread 0x0000026cd65d4000 nmethod 2153 0x0000026cc364d290 code [0x0000026cc364d4c0, 0x0000026cc364dbe8]
Event: 39.998 Thread 0x0000026cd65d4000 2152       1       org.postgresql.jdbc.PgStatement$StatementResultHandler::getResults (5 bytes)
Event: 39.999 Thread 0x0000026cd65d4000 nmethod 2152 0x0000026cca803590 code [0x0000026cca803740, 0x0000026cca8037f8]

GC Heap History (2 events):
Event: 16.416 GC heap before
{Heap before GC invocations=0 (full 0):
 garbage-first heap   total 131072K, used 23552K [0x00000000d1200000, 0x0000000100000000)
  region size 1024K, 24 young (24576K), 0 survivors (0K)
 Metaspace       used 15598K, capacity 16167K, committed 16512K, reserved 1064960K
  class space    used 1562K, capacity 1801K, committed 1920K, reserved 1048576K
}
Event: 16.422 GC heap after
{Heap after GC invocations=1 (full 0):
 garbage-first heap   total 131072K, used 4344K [0x00000000d1200000, 0x0000000100000000)
  region size 1024K, 3 young (3072K), 3 survivors (3072K)
 Metaspace       used 15598K, capacity 16167K, committed 16512K, reserved 1064960K
  class space    used 1562K, capacity 1801K, committed 1920K, reserved 1048576K
}

Deoptimization events (20 events):
Event: 37.581 Thread 0x0000026cd7517800 DEOPT PACKING pc=0x0000026cc3429842 sp=0x000000bb46bfa8c0
Event: 37.581 Thread 0x0000026cd7517800 DEOPT UNPACKING pc=0x0000026cc2c89d0e sp=0x000000bb46bf9d18 mode 0
Event: 37.608 Thread 0x0000026cd7517800 Uncommon trap: trap_request=0xffffff4d fr.pc=0x0000026cca7b4c88 relative=0x0000000000000428
Event: 37.608 Thread 0x0000026cd7517800 Uncommon trap: reason=unstable_if action=reinterpret pc=0x0000026cca7b4c88 method=java.io.BufferedOutputStream.write([BII)V @ 35 c2
Event: 37.608 Thread 0x0000026cd7517800 DEOPT PACKING pc=0x0000026cca7b4c88 sp=0x000000bb46bfb350
Event: 37.608 Thread 0x0000026cd7517800 DEOPT UNPACKING pc=0x0000026cc2c485af sp=0x000000bb46bfb298 mode 2
Event: 37.861 Thread 0x0000026cd8779000 DEOPT PACKING pc=0x0000026cc3442732 sp=0x000000bb468fb890
Event: 37.861 Thread 0x0000026cd8779000 DEOPT UNPACKING pc=0x0000026cc2c89d0e sp=0x000000bb468faca8 mode 0
Event: 37.936 Thread 0x0000026cd8779000 DEOPT PACKING pc=0x0000026cc33ea5da sp=0x000000bb468fb850
Event: 37.936 Thread 0x0000026cd8779000 DEOPT UNPACKING pc=0x0000026cc2c89d0e sp=0x000000bb468facd8 mode 0
Event: 38.154 Thread 0x0000026cd8779000 DEOPT PACKING pc=0x0000026cc354e87b sp=0x000000bb468fb2b0
Event: 38.154 Thread 0x0000026cd8779000 DEOPT UNPACKING pc=0x0000026cc2c89d0e sp=0x000000bb468fa708 mode 0
Event: 38.615 Thread 0x0000026cd8779000 DEOPT PACKING pc=0x0000026cc332797f sp=0x000000bb468f8fc0
Event: 38.615 Thread 0x0000026cd8779000 DEOPT UNPACKING pc=0x0000026cc2c89d0e sp=0x000000bb468f8410 mode 0
Event: 38.681 Thread 0x0000026cd8779000 DEOPT PACKING pc=0x0000026cc327f8fa sp=0x000000bb468fb390
Event: 38.681 Thread 0x0000026cd8779000 DEOPT UNPACKING pc=0x0000026cc2c89d0e sp=0x000000bb468fa7c8 mode 0
Event: 39.429 Thread 0x0000026cd8779000 Uncommon trap: trap_request=0xfffffff4 fr.pc=0x0000026cca7e4d3c relative=0x0000000000001d7c
Event: 39.429 Thread 0x0000026cd8779000 Uncommon trap: reason=null_check action=make_not_entrant pc=0x0000026cca7e4d3c method=java.io.ObjectStreamClass.<init>(Ljava/lang/Class;)V @ 34 c2
Event: 39.429 Thread 0x0000026cd8779000 DEOPT PACKING pc=0x0000026cca7e4d3c sp=0x000000bb468fa410
Event: 39.429 Thread 0x0000026cd8779000 DEOPT UNPACKING pc=0x0000026cc2c485af sp=0x000000bb468fa340 mode 2

Classes redefined (0 events):
No events

Internal exceptions (20 events):
Event: 0.762 Thread 0x0000026cbeffd000 Exception <a 'java/lang/NoSuchMethodError'{0x00000000d89180e8}: 'java.lang.Object java.lang.invoke.DirectMethodHandle$Holder.invokeStatic(java.lang.Object, java.lang.Object, java.lang.Object, java.lang.Object, java.lang.Object, java.lang.Object, java.lang.Object, java.lang.Object, int)'> (0x00000000d89180e8) thrown at [./src/hotspot/share/interpreter/linkResolver.cpp, line 773]
Event: 0.764 Thread 0x0000026cbeffd000 Exception <a 'java/lang/NoSuchMethodError'{0x00000000d8932620}: 'java.lang.Object java.lang.invoke.DirectMethodHandle$Holder.invokeStatic(java.lang.Object, java.lang.Object, java.lang.Object, java.lang.Object, java.lang.Object, java.lang.Object, java.lang.Object, java.lang.Object, int, int)'> (0x00000000d8932620) thrown at [./src/hotspot/share/interpreter/linkResolver.cpp, line 773]
Event: 0.767 Thread 0x0000026cbeffd000 Exception <a 'java/lang/NoSuchMethodError'{0x00000000d894db78}: 'java.lang.Object java.lang.invoke.DirectMethodHandle$Holder.invokeStatic(java.lang.Object, java.lang.Object, java.lang.Object, java.lang.Object, java.lang.Object, java.lang.Object, java.lang.Object, java.lang.Object, int, int, java.lang.Object)'> (0x00000000d894db78) thrown at [./src/hotspot/share/interpreter/linkResolver.cpp, line 773]
Event: 0.770 Thread 0x0000026cbeffd000 Exception <a 'java/lang/NoSuchMethodError'{0x00000000d896a3c8}: 'java.lang.Object java.lang.invoke.DirectMethodHandle$Holder.invokeStatic(java.lang.Object, java.lang.Object, java.lang.Object, java.lang.Object, java.lang.Object, java.lang.Object, java.lang.Object, java.lang.Object, int, int, java.lang.Object, java.lang.Object)'> (0x00000000d896a3c8) thrown at [./src/hotspot/share/interpreter/linkResolver.cpp, line 773]
Event: 0.794 Thread 0x0000026cbeffd000 Exception <a 'java/lang/NoSuchMethodError'{0x00000000d89ee608}: 'java.lang.Object java.lang.invoke.DirectMethodHandle$Holder.invokeStatic(java.lang.Object, java.lang.Object, java.lang.Object, java.lang.Object, int)'> (0x00000000d89ee608) thrown at [./src/hotspot/share/interpreter/linkResolver.cpp, line 773]
Event: 0.816 Thread 0x0000026cbeffd000 Exception <a 'java/lang/NoSuchMethodError'{0x00000000d88b2b68}: 'java.lang.Object java.lang.invoke.DelegatingMethodHandle$Holder.reinvoke_L(java.lang.Object, java.lang.Object, long)'> (0x00000000d88b2b68) thrown at [./src/hotspot/share/interpreter/linkResolver.cpp, line 773]
Event: 0.817 Thread 0x0000026cbeffd000 Exception <a 'java/lang/NoSuchMethodError'{0x00000000d88b5d58}: 'java.lang.Object java.lang.invoke.Invokers$Holder.linkToTargetMethod(java.lang.Object, long, java.lang.Object)'> (0x00000000d88b5d58) thrown at [./src/hotspot/share/interpreter/linkResolver.cpp, line 773]
Event: 0.862 Thread 0x0000026cd7ae9800 Exception <a 'java/lang/NoSuchMethodError'{0x00000000d8749940}: 'java.lang.Object java.lang.invoke.DelegatingMethodHandle$Holder.reinvoke_L(java.lang.Object, int, java.lang.Object)'> (0x00000000d8749940) thrown at [./src/hotspot/share/interpreter/linkResolver.cpp, line 773]
Event: 0.950 Thread 0x0000026cd8779000 Exception <a 'java/lang/NoSuchMethodError'{0x00000000d86280d8}: <clinit>> (0x00000000d86280d8) thrown at [./src/hotspot/share/prims/jni.cpp, line 1366]
Event: 1.269 Thread 0x0000026cd8779000 Exception <a 'java/lang/NoSuchMethodError'{0x00000000d8342f48}: 'java.lang.Object java.lang.invoke.DirectMethodHandle$Holder.invokeStaticInit(java.lang.Object, java.lang.Object, java.lang.Object)'> (0x00000000d8342f48) thrown at [./src/hotspot/share/interpreter/linkResolver.cpp, line 773]
Event: 2.164 Thread 0x0000026cd8779000 Exception <a 'java/lang/NoSuchMethodError'{0x00000000d7b1a2e8}: <clinit>> (0x00000000d7b1a2e8) thrown at [./src/hotspot/share/prims/jni.cpp, line 1366]
Event: 2.245 Thread 0x0000026cd8779000 Exception <a 'java/lang/NoSuchMethodError'{0x00000000d7b7af40}: <clinit>> (0x00000000d7b7af40) thrown at [./src/hotspot/share/prims/jni.cpp, line 1366]
Event: 36.800 Thread 0x0000026cd8779000 Exception <a 'java/lang/NoSuchMethodError'{0x00000000d8af7238}: <clinit>> (0x00000000d8af7238) thrown at [./src/hotspot/share/prims/jni.cpp, line 1366]
Event: 36.801 Thread 0x0000026cd8779000 Exception <a 'java/lang/NoSuchMethodError'{0x00000000d8903f58}: <clinit>> (0x00000000d8903f58) thrown at [./src/hotspot/share/prims/jni.cpp, line 1366]
Event: 36.924 Thread 0x0000026cd7517800 Exception <a 'java/lang/NoSuchMethodError'{0x00000000d88d45e8}: <clinit>> (0x00000000d88d45e8) thrown at [./src/hotspot/share/prims/jni.cpp, line 1366]
Event: 36.926 Thread 0x0000026cd7517800 Exception <a 'java/lang/NoSuchMethodError'{0x00000000d88df928}: <clinit>> (0x00000000d88df928) thrown at [./src/hotspot/share/prims/jni.cpp, line 1366]
Event: 36.929 Thread 0x0000026cd7517800 Exception <a 'java/lang/NoSuchMethodError'{0x00000000d88ee3b8}: <clinit>> (0x00000000d88ee3b8) thrown at [./src/hotspot/share/prims/jni.cpp, line 1366]
Event: 37.768 Thread 0x0000026cd8779000 Exception <a 'java/lang/NoSuchMethodError'{0x00000000d8493c10}: <clinit>> (0x00000000d8493c10) thrown at [./src/hotspot/share/prims/jni.cpp, line 1366]
Event: 38.514 Thread 0x0000026cd8779000 Exception <a 'java/lang/NoSuchMethodError'{0x00000000d7ee9638}: <clinit>> (0x00000000d7ee9638) thrown at [./src/hotspot/share/prims/jni.cpp, line 1366]
Event: 39.429 Thread 0x0000026cd8779000 Implicit null exception at 0x0000026cca7e3a34 to 0x0000026cca7e4d1c

Events (20 events):
Event: 39.874 Executing VM operation: RevokeBias
Event: 39.916 Executing VM operation: RevokeBias done
Event: 39.916 Executing VM operation: RevokeBias
Event: 39.916 Executing VM operation: RevokeBias done
Event: 39.916 Thread 0x0000026cd751b800 Thread exited: 0x0000026cd751b800
Event: 39.917 Executing VM operation: RevokeBias
Event: 39.917 Executing VM operation: RevokeBias done
Event: 39.917 Thread 0x0000026cd751c800 Thread exited: 0x0000026cd751c800
Event: 39.917 Executing VM operation: RevokeBias
Event: 39.917 Executing VM operation: RevokeBias done
Event: 39.950 Executing VM operation: RevokeBias
Event: 39.950 Executing VM operation: RevokeBias done
Event: 39.956 Executing VM operation: RevokeBias
Event: 39.956 Executing VM operation: RevokeBias done
Event: 39.958 Executing VM operation: RevokeBias
Event: 39.958 Executing VM operation: RevokeBias done
Event: 39.958 Executing VM operation: RevokeBias
Event: 39.958 Executing VM operation: RevokeBias done
Event: 39.986 Executing VM operation: RevokeBias
Event: 39.986 Executing VM operation: RevokeBias done


Dynamic libraries:
0x00007ff689fb0000 - 0x00007ff689fba000 	C:\Program Files\JetBrains\IntelliJ IDEA 2021.3.1\jbr\bin\java.exe
0x00007ffe78290000 - 0x00007ffe7847d000 	C:\Windows\SYSTEM32\ntdll.dll
0x00007ffe760a0000 - 0x00007ffe76154000 	C:\Windows\System32\KERNEL32.DLL
0x00007ffe744d0000 - 0x00007ffe74764000 	C:\Windows\System32\KERNELBASE.dll
0x00007ffe74c40000 - 0x00007ffe74d3a000 	C:\Windows\System32\ucrtbase.dll
0x00007ffe6e5a0000 - 0x00007ffe6e5b9000 	C:\Program Files\JetBrains\IntelliJ IDEA 2021.3.1\jbr\bin\jli.dll
0x00007ffe6e580000 - 0x00007ffe6e597000 	C:\Program Files\JetBrains\IntelliJ IDEA 2021.3.1\jbr\bin\VCRUNTIME140.dll
0x00007ffe76b90000 - 0x00007ffe76d27000 	C:\Windows\System32\USER32.dll
0x00007ffe743b0000 - 0x00007ffe743d0000 	C:\Windows\System32\win32u.dll
0x00007ffe5ebf0000 - 0x00007ffe5ee69000 	C:\Windows\WinSxS\amd64_microsoft.windows.common-controls_6595b64144ccf1df_6.0.17763.2565_none_de7373805349545e\COMCTL32.dll
0x00007ffe76070000 - 0x00007ffe76099000 	C:\Windows\System32\GDI32.dll
0x00007ffe75f20000 - 0x00007ffe75fbe000 	C:\Windows\System32\msvcrt.dll
0x00007ffe74aa0000 - 0x00007ffe74c3c000 	C:\Windows\System32\gdi32full.dll
0x00007ffe76470000 - 0x00007ffe7679d000 	C:\Windows\System32\combase.dll
0x00007ffe74a00000 - 0x00007ffe74aa0000 	C:\Windows\System32\msvcp_win.dll
0x00007ffe75940000 - 0x00007ffe75a5d000 	C:\Windows\System32\RPCRT4.dll
0x00007ffe74320000 - 0x00007ffe743a2000 	C:\Windows\System32\bcryptPrimitives.dll
0x00007ffe76d30000 - 0x00007ffe76d5e000 	C:\Windows\System32\IMM32.DLL
0x00007ffe49600000 - 0x00007ffe4969d000 	C:\Program Files\JetBrains\IntelliJ IDEA 2021.3.1\jbr\bin\msvcp140.dll
0x00007ffe36b00000 - 0x00007ffe37676000 	C:\Program Files\JetBrains\IntelliJ IDEA 2021.3.1\jbr\bin\server\jvm.dll
0x00007ffe763c0000 - 0x00007ffe76467000 	C:\Windows\System32\ADVAPI32.dll
0x00007ffe76160000 - 0x00007ffe761ff000 	C:\Windows\System32\sechost.dll
0x00007ffe76b80000 - 0x00007ffe76b88000 	C:\Windows\System32\PSAPI.DLL
0x00007ffe60ef0000 - 0x00007ffe60ef9000 	C:\Windows\SYSTEM32\WSOCK32.dll
0x00007ffe758d0000 - 0x00007ffe7593d000 	C:\Windows\System32\WS2_32.dll
0x00007ffe71f10000 - 0x00007ffe71f34000 	C:\Windows\SYSTEM32\WINMM.dll
0x00007ffe6ebb0000 - 0x00007ffe6ebba000 	C:\Windows\SYSTEM32\VERSION.dll
0x00007ffe71b80000 - 0x00007ffe71bad000 	C:\Windows\SYSTEM32\WINMMBASE.dll
0x00007ffe743d0000 - 0x00007ffe7441a000 	C:\Windows\System32\cfgmgr32.dll
0x00007ffe74250000 - 0x00007ffe74261000 	C:\Windows\System32\kernel.appcore.dll
0x00007ffe42120000 - 0x00007ffe42131000 	C:\Program Files\JetBrains\IntelliJ IDEA 2021.3.1\jbr\bin\verify.dll
0x00007ffe72a70000 - 0x00007ffe72c5d000 	C:\Windows\SYSTEM32\DBGHELP.DLL
0x00007ffe60e20000 - 0x00007ffe60e4a000 	C:\Windows\SYSTEM32\dbgcore.DLL
0x00007ffe41d40000 - 0x00007ffe41d69000 	C:\Program Files\JetBrains\IntelliJ IDEA 2021.3.1\jbr\bin\java.dll
0x00007ffe4d570000 - 0x00007ffe4d57b000 	C:\Program Files\JetBrains\IntelliJ IDEA 2021.3.1\jbr\bin\jimage.dll
0x00007ffe41d20000 - 0x00007ffe41d38000 	C:\Program Files\JetBrains\IntelliJ IDEA 2021.3.1\jbr\bin\zip.dll
0x00007ffe76d60000 - 0x00007ffe78259000 	C:\Windows\System32\SHELL32.dll
0x00007ffe75540000 - 0x00007ffe755e8000 	C:\Windows\System32\shcore.dll
0x00007ffe74d40000 - 0x00007ffe75488000 	C:\Windows\System32\windows.storage.dll
0x00007ffe742f0000 - 0x00007ffe74314000 	C:\Windows\System32\profapi.dll
0x00007ffe74290000 - 0x00007ffe742ed000 	C:\Windows\System32\powrprof.dll
0x00007ffe75670000 - 0x00007ffe756c2000 	C:\Windows\System32\shlwapi.dll
0x00007ffe74770000 - 0x00007ffe74787000 	C:\Windows\System32\cryptsp.dll
0x00007ffe38a80000 - 0x00007ffe38a9a000 	C:\Program Files\JetBrains\IntelliJ IDEA 2021.3.1\jbr\bin\net.dll
0x00007ffe66da0000 - 0x00007ffe66e91000 	C:\Windows\SYSTEM32\WINHTTP.dll
0x00007ffe73a40000 - 0x00007ffe73aa7000 	C:\Windows\system32\mswsock.dll
0x00007ffe38a60000 - 0x00007ffe38a74000 	C:\Program Files\JetBrains\IntelliJ IDEA 2021.3.1\jbr\bin\nio.dll
0x00007ffe735c0000 - 0x00007ffe735f3000 	C:\Windows\system32\rsaenh.dll
0x00007ffe75490000 - 0x00007ffe754b6000 	C:\Windows\System32\bcrypt.dll
0x00007ffe74180000 - 0x00007ffe741a9000 	C:\Windows\SYSTEM32\USERENV.dll
0x00007ffe73c10000 - 0x00007ffe73c1c000 	C:\Windows\SYSTEM32\CRYPTBASE.dll
0x00007ffe73750000 - 0x00007ffe7378e000 	C:\Windows\SYSTEM32\IPHLPAPI.DLL
0x00007ffe75ee0000 - 0x00007ffe75ee8000 	C:\Windows\System32\NSI.dll
0x00007ffe6b030000 - 0x00007ffe6b046000 	C:\Windows\SYSTEM32\dhcpcsvc6.DLL
0x00007ffe6b9b0000 - 0x00007ffe6b9cc000 	C:\Windows\SYSTEM32\dhcpcsvc.DLL
0x00007ffe73790000 - 0x00007ffe73856000 	C:\Windows\SYSTEM32\DNSAPI.dll
0x00007ffe65160000 - 0x00007ffe65168000 	C:\Program Files\JetBrains\IntelliJ IDEA 2021.3.1\jbr\bin\rmi.dll
0x00007ffe6a790000 - 0x00007ffe6a79a000 	C:\Windows\System32\rasadhlp.dll
0x00007ffe6a7a0000 - 0x00007ffe6a819000 	C:\Windows\System32\fwpuclnt.dll
0x00007ffe70710000 - 0x00007ffe7071a000 	C:\Program Files\JetBrains\IntelliJ IDEA 2021.3.1\jbr\bin\management.dll
0x00007ffe70700000 - 0x00007ffe7070d000 	C:\Program Files\JetBrains\IntelliJ IDEA 2021.3.1\jbr\bin\management_ext.dll

dbghelp: loaded successfully - version: 4.0.5 - missing functions: none
symbol engine: initialized successfully - sym options: 0x614 - pdb path: .;C:\Program Files\JetBrains\IntelliJ IDEA 2021.3.1\jbr\bin;C:\Windows\SYSTEM32;C:\Windows\WinSxS\amd64_microsoft.windows.common-controls_6595b64144ccf1df_6.0.17763.2565_none_de7373805349545e;C:\Program Files\JetBrains\IntelliJ IDEA 2021.3.1\jbr\bin\server

VM Arguments:
jvm_args: -Djava.rmi.server.hostname=127.0.0.1 -Duser.timezone=UTC -Xmx750m -Xms128m -Dfile.encoding=UTF-8 
java_command: com.intellij.database.remote.RemoteJdbcServer org.postgresql.Driver
java_class_path (initial): C:\Program Files\JetBrains\IntelliJ IDEA 2021.3.1\lib\util.jar;C:\Program Files\JetBrains\IntelliJ IDEA 2021.3.1\lib\org_codehaus_groovy_groovy.jar;C:\Program Files\JetBrains\IntelliJ IDEA 2021.3.1\plugins\DatabaseTools\lib\jdbc-console.jar;C:\Users\Nurmuhammed\AppData\Roaming\JetBrains\IntelliJIdea2021.3\jdbc-drivers\PostgreSQL\42.2.22\postgresql-42.2.22.jar;C:\Users\Nurmuhammed\AppData\Roaming\JetBrains\IntelliJIdea2021.3\jdbc-drivers\PostgreSQL\42.2.22\jna-platform-win-4.4.0.jar;C:\Users\Nurmuhammed\AppData\Roaming\JetBrains\IntelliJIdea2021.3\jdbc-drivers\PostgreSQL\42.2.22\jna-win-4.4.0.jar;C:\Users\Nurmuhammed\AppData\Roaming\JetBrains\IntelliJIdea2021.3\jdbc-drivers\PostgreSQL\42.2.22\waffle-jna-win-1.8.1.jar
Launcher Type: SUN_STANDARD

[Global flags]
     intx CICompilerCount                          = 4                                         {product} {ergonomic}
     uint ConcGCThreads                            = 2                                         {product} {ergonomic}
     uint G1ConcRefinementThreads                  = 8                                         {product} {ergonomic}
   size_t G1HeapRegionSize                         = 1048576                                   {product} {ergonomic}
    uintx GCDrainStackTargetSize                   = 64                                        {product} {ergonomic}
   size_t InitialHeapSize                          = 134217728                                 {product} {command line}
   size_t MarkStackSize                            = 4194304                                   {product} {ergonomic}
   size_t MaxHeapSize                              = 786432000                                 {product} {command line}
   size_t MaxNewSize                               = 471859200                                 {product} {ergonomic}
   size_t MinHeapDeltaBytes                        = 1048576                                   {product} {ergonomic}
    uintx NonNMethodCodeHeapSize                   = 5836300                                {pd product} {ergonomic}
    uintx NonProfiledCodeHeapSize                  = 122910970                              {pd product} {ergonomic}
    uintx ProfiledCodeHeapSize                     = 122910970                              {pd product} {ergonomic}
    uintx ReservedCodeCacheSize                    = 251658240                              {pd product} {ergonomic}
     bool SegmentedCodeCache                       = true                                      {product} {ergonomic}
     bool UseCompressedClassPointers               = true                                 {lp64_product} {ergonomic}
     bool UseCompressedOops                        = true                                 {lp64_product} {ergonomic}
     bool UseG1GC                                  = true                                      {product} {ergonomic}
     bool UseLargePagesIndividualAllocation        = false                                  {pd product} {ergonomic}

Logging:
Log output configuration:
 #0: stdout all=warning uptime,level,tags
 #1: stderr all=off uptime,level,tags

Environment Variables:
PATH=C:\Program Files (x86)\Common Files\Oracle\Java\javapath;C:\Windows\system32;C:\Windows;C:\Windows\System32\Wbem;C:\Windows\System32\WindowsPowerShell\v1.0\;C:\Windows\System32\OpenSSH\;C:\Program Files\7-Zip;C:\Program Files\Git\cmd;C:\Users\Nurmuhammed\AppData\Local\Microsoft\WindowsApps;;C:\Program Files\JetBrains\IntelliJ IDEA Community Edition 2021.2.2\bin;
USERNAME=Nurmuhammed
OS=Windows_NT
PROCESSOR_IDENTIFIER=Intel64 Family 6 Model 126 Stepping 5, GenuineIntel



---------------  S Y S T E M  ---------------

OS: Windows 10 , 64 bit Build 17763 (10.0.17763.2452)
OS uptime: 0 days 6:04 hours

CPU:total 8 (initial active 8) (4 cores per cpu, 2 threads per core) family 6 model 126 stepping 5 microcode 0xa0, cmov, cx8, fxsr, mmx, sse, sse2, sse3, ssse3, sse4.1, sse4.2, popcnt, avx, avx2, aes, clmul, erms, 3dnowpref, lzcnt, ht, tsc, tscinvbit, bmi1, bmi2, adx, evex, sha, fma

Memory: 4k page, system-wide physical 7934M (832M free)
TotalPageFile size 9982M (AvailPageFile size 5M)
current process WorkingSet (physical memory assigned to process): 154M, peak: 157M
current process commit charge ("private bytes"): 281M, peak: 284M

vm_info: OpenJDK 64-Bit Server VM (11.0.13+7-b1751.21) for windows-amd64 JRE (11.0.13+7-b1751.21), built on Nov 30 2021 02:32:50 by "" with MS VC++ 14.0 (VS2015)

END.
